{
  "stats": {
    "suites": 1,
    "tests": 8,
    "passes": 8,
    "pending": 0,
    "failures": 0,
    "start": "2017-06-28T09:14:12.585Z",
    "end": "2017-06-28T09:14:12.593Z",
    "duration": 8,
    "testsRegistered": 8,
    "passPercent": 100,
    "pendingPercent": 0,
    "other": 0,
    "hasOther": false,
    "skipped": 0,
    "hasSkipped": false,
    "passPercentClass": "success",
    "pendingPercentClass": "danger"
  },
  "suites": {
    "title": "",
    "suites": [
      {
        "title": "话题正则匹配提取",
        "suites": [],
        "tests": [
          {
            "title": "没有话题名称，应该返回null",
            "fullTitle": "话题正则匹配提取 没有话题名称，应该返回null",
            "timedOut": false,
            "duration": 2,
            "state": "passed",
            "speed": "fast",
            "pass": true,
            "fail": false,
            "pending": false,
            "code": "let str = 'notopic';\nlet result = getTopics(str);\nexpect(result).to.be.equal(null);",
            "err": {},
            "isRoot": false,
            "uuid": "dbd328ec-e80b-405f-8c2f-4a21b9984c22",
            "parentUUID": "09fb8c4a-6a45-491f-b387-971b8525b160",
            "isHook": false,
            "skipped": false
          },
          {
            "title": "话题名称应该以数组形式返回",
            "fullTitle": "话题正则匹配提取 话题名称应该以数组形式返回",
            "timedOut": false,
            "duration": 0,
            "state": "passed",
            "speed": "fast",
            "pass": true,
            "fail": false,
            "pending": false,
            "code": "let str = '#topic#';\nlet result = getTopics(str);\nexpect(Object.prototype.toString.call(result)).to.be.equal('[object Array]');\nexpect(Array.isArray(result)).to.be.equal(true);",
            "err": {},
            "isRoot": false,
            "uuid": "8f3d5481-2b1b-4f93-b1d3-d43a5b1234f6",
            "parentUUID": "09fb8c4a-6a45-491f-b387-971b8525b160",
            "isHook": false,
            "skipped": false
          },
          {
            "title": "内容为空，应该不是话题",
            "fullTitle": "话题正则匹配提取 内容为空，应该不是话题",
            "timedOut": false,
            "duration": 0,
            "state": "passed",
            "speed": "fast",
            "pass": true,
            "fail": false,
            "pending": false,
            "code": "let str = '##';\nlet result = getTopics(str);\nexpect(result).to.be.equal(null);",
            "err": {},
            "isRoot": false,
            "uuid": "e8f92941-beb6-455b-bad6-367c4954cab8",
            "parentUUID": "09fb8c4a-6a45-491f-b387-971b8525b160",
            "isHook": false,
            "skipped": false
          },
          {
            "title": "连续空格，应该不是话题",
            "fullTitle": "话题正则匹配提取 连续空格，应该不是话题",
            "timedOut": false,
            "duration": 0,
            "state": "passed",
            "speed": "fast",
            "pass": true,
            "fail": false,
            "pending": false,
            "code": "let str = '#  #';\nlet result = getTopics(str);\nexpect(result).to.be.equal(null);",
            "err": {},
            "isRoot": false,
            "uuid": "c68942f7-ff6d-4fb0-bd5f-c46dfea07e01",
            "parentUUID": "09fb8c4a-6a45-491f-b387-971b8525b160",
            "isHook": false,
            "skipped": false
          },
          {
            "title": "三个#号，应该只返回符合要求的#之间的话题名称",
            "fullTitle": "话题正则匹配提取 三个#号，应该只返回符合要求的#之间的话题名称",
            "timedOut": false,
            "duration": 0,
            "state": "passed",
            "speed": "fast",
            "pass": true,
            "fail": false,
            "pending": false,
            "code": "let str1 = '# #topic#',\n    str2 = '##topic#',\n    str3 = '#topic# #';\nlet topic1 = getTopics(str1)[0],\n    topic2 = getTopics(str2)[0],\n    topic3 = getTopics(str3)[0];\nexpect(topic1).to.be.equal('#topic#');\nexpect(topic2).to.be.equal('#topic#');\nexpect(topic3).to.be.equal('#topic#');",
            "err": {},
            "isRoot": false,
            "uuid": "12e00419-7c99-4736-a4ea-9934c1a844c4",
            "parentUUID": "09fb8c4a-6a45-491f-b387-971b8525b160",
            "isHook": false,
            "skipped": false
          },
          {
            "title": "三个#号且#号之间的内容都符合要求，应该返回前两个#号之间的话题名称",
            "fullTitle": "话题正则匹配提取 三个#号且#号之间的内容都符合要求，应该返回前两个#号之间的话题名称",
            "timedOut": false,
            "duration": 0,
            "state": "passed",
            "speed": "fast",
            "pass": true,
            "fail": false,
            "pending": false,
            "code": "let str = '#topic1#topic2#';\nlet result = getTopics(str);\nexpect(result.length).to.be.equal(1);\nexpect(result[0]).to.be.equal('#topic1#');",
            "err": {},
            "isRoot": false,
            "uuid": "ff03aa93-13ff-41d4-944a-a0a4aa451a89",
            "parentUUID": "09fb8c4a-6a45-491f-b387-971b8525b160",
            "isHook": false,
            "skipped": false
          },
          {
            "title": "多个#号，应该返回多个正确格式话题名称组成的数组",
            "fullTitle": "话题正则匹配提取 多个#号，应该返回多个正确格式话题名称组成的数组",
            "timedOut": false,
            "duration": 0,
            "state": "passed",
            "speed": "fast",
            "pass": true,
            "fail": false,
            "pending": false,
            "code": "let str = '#topic1#lalala####topic2#lelele# # ##topic3### ##';\nlet result = getTopics(str);\nexpect(result.length).to.be.equal(3);\nexpect(result[0]).to.be.equal('#topic1#');\nexpect(result[1]).to.be.equal('#topic2#');\nexpect(result[2]).to.be.equal('#topic3#');",
            "err": {},
            "isRoot": false,
            "uuid": "094a758b-83e9-4cc0-a6d4-fceb713e103e",
            "parentUUID": "09fb8c4a-6a45-491f-b387-971b8525b160",
            "isHook": false,
            "skipped": false
          },
          {
            "title": "特殊情况一：“## #topic# ##”，应该返回“#topic#”",
            "fullTitle": "话题正则匹配提取 特殊情况一：“## #topic# ##”，应该返回“#topic#”",
            "timedOut": false,
            "duration": 1,
            "state": "passed",
            "speed": "fast",
            "pass": true,
            "fail": false,
            "pending": false,
            "code": "let str = '## #topic# ##';\nlet result = getTopics(str);\nexpect(result[0]).to.be.equal('#topic#')",
            "err": {},
            "isRoot": false,
            "uuid": "557594e0-2e2b-4a9a-a35e-f175ff498769",
            "parentUUID": "09fb8c4a-6a45-491f-b387-971b8525b160",
            "isHook": false,
            "skipped": false
          }
        ],
        "pending": [],
        "root": false,
        "_timeout": 2000,
        "file": "/test/index.test.js",
        "uuid": "09fb8c4a-6a45-491f-b387-971b8525b160",
        "beforeHooks": [],
        "afterHooks": [],
        "fullFile": "/Users/rico/Workspace/lanren/project/temp/topic_match/test/index.test.js",
        "passes": [
          {
            "title": "没有话题名称，应该返回null",
            "fullTitle": "话题正则匹配提取 没有话题名称，应该返回null",
            "timedOut": false,
            "duration": 2,
            "state": "passed",
            "speed": "fast",
            "pass": true,
            "fail": false,
            "pending": false,
            "code": "let str = 'notopic';\nlet result = getTopics(str);\nexpect(result).to.be.equal(null);",
            "err": {},
            "isRoot": false,
            "uuid": "dbd328ec-e80b-405f-8c2f-4a21b9984c22",
            "parentUUID": "09fb8c4a-6a45-491f-b387-971b8525b160",
            "isHook": false,
            "skipped": false
          },
          {
            "title": "话题名称应该以数组形式返回",
            "fullTitle": "话题正则匹配提取 话题名称应该以数组形式返回",
            "timedOut": false,
            "duration": 0,
            "state": "passed",
            "speed": "fast",
            "pass": true,
            "fail": false,
            "pending": false,
            "code": "let str = '#topic#';\nlet result = getTopics(str);\nexpect(Object.prototype.toString.call(result)).to.be.equal('[object Array]');\nexpect(Array.isArray(result)).to.be.equal(true);",
            "err": {},
            "isRoot": false,
            "uuid": "8f3d5481-2b1b-4f93-b1d3-d43a5b1234f6",
            "parentUUID": "09fb8c4a-6a45-491f-b387-971b8525b160",
            "isHook": false,
            "skipped": false
          },
          {
            "title": "内容为空，应该不是话题",
            "fullTitle": "话题正则匹配提取 内容为空，应该不是话题",
            "timedOut": false,
            "duration": 0,
            "state": "passed",
            "speed": "fast",
            "pass": true,
            "fail": false,
            "pending": false,
            "code": "let str = '##';\nlet result = getTopics(str);\nexpect(result).to.be.equal(null);",
            "err": {},
            "isRoot": false,
            "uuid": "e8f92941-beb6-455b-bad6-367c4954cab8",
            "parentUUID": "09fb8c4a-6a45-491f-b387-971b8525b160",
            "isHook": false,
            "skipped": false
          },
          {
            "title": "连续空格，应该不是话题",
            "fullTitle": "话题正则匹配提取 连续空格，应该不是话题",
            "timedOut": false,
            "duration": 0,
            "state": "passed",
            "speed": "fast",
            "pass": true,
            "fail": false,
            "pending": false,
            "code": "let str = '#  #';\nlet result = getTopics(str);\nexpect(result).to.be.equal(null);",
            "err": {},
            "isRoot": false,
            "uuid": "c68942f7-ff6d-4fb0-bd5f-c46dfea07e01",
            "parentUUID": "09fb8c4a-6a45-491f-b387-971b8525b160",
            "isHook": false,
            "skipped": false
          },
          {
            "title": "三个#号，应该只返回符合要求的#之间的话题名称",
            "fullTitle": "话题正则匹配提取 三个#号，应该只返回符合要求的#之间的话题名称",
            "timedOut": false,
            "duration": 0,
            "state": "passed",
            "speed": "fast",
            "pass": true,
            "fail": false,
            "pending": false,
            "code": "let str1 = '# #topic#',\n    str2 = '##topic#',\n    str3 = '#topic# #';\nlet topic1 = getTopics(str1)[0],\n    topic2 = getTopics(str2)[0],\n    topic3 = getTopics(str3)[0];\nexpect(topic1).to.be.equal('#topic#');\nexpect(topic2).to.be.equal('#topic#');\nexpect(topic3).to.be.equal('#topic#');",
            "err": {},
            "isRoot": false,
            "uuid": "12e00419-7c99-4736-a4ea-9934c1a844c4",
            "parentUUID": "09fb8c4a-6a45-491f-b387-971b8525b160",
            "isHook": false,
            "skipped": false
          },
          {
            "title": "三个#号且#号之间的内容都符合要求，应该返回前两个#号之间的话题名称",
            "fullTitle": "话题正则匹配提取 三个#号且#号之间的内容都符合要求，应该返回前两个#号之间的话题名称",
            "timedOut": false,
            "duration": 0,
            "state": "passed",
            "speed": "fast",
            "pass": true,
            "fail": false,
            "pending": false,
            "code": "let str = '#topic1#topic2#';\nlet result = getTopics(str);\nexpect(result.length).to.be.equal(1);\nexpect(result[0]).to.be.equal('#topic1#');",
            "err": {},
            "isRoot": false,
            "uuid": "ff03aa93-13ff-41d4-944a-a0a4aa451a89",
            "parentUUID": "09fb8c4a-6a45-491f-b387-971b8525b160",
            "isHook": false,
            "skipped": false
          },
          {
            "title": "多个#号，应该返回多个正确格式话题名称组成的数组",
            "fullTitle": "话题正则匹配提取 多个#号，应该返回多个正确格式话题名称组成的数组",
            "timedOut": false,
            "duration": 0,
            "state": "passed",
            "speed": "fast",
            "pass": true,
            "fail": false,
            "pending": false,
            "code": "let str = '#topic1#lalala####topic2#lelele# # ##topic3### ##';\nlet result = getTopics(str);\nexpect(result.length).to.be.equal(3);\nexpect(result[0]).to.be.equal('#topic1#');\nexpect(result[1]).to.be.equal('#topic2#');\nexpect(result[2]).to.be.equal('#topic3#');",
            "err": {},
            "isRoot": false,
            "uuid": "094a758b-83e9-4cc0-a6d4-fceb713e103e",
            "parentUUID": "09fb8c4a-6a45-491f-b387-971b8525b160",
            "isHook": false,
            "skipped": false
          },
          {
            "title": "特殊情况一：“## #topic# ##”，应该返回“#topic#”",
            "fullTitle": "话题正则匹配提取 特殊情况一：“## #topic# ##”，应该返回“#topic#”",
            "timedOut": false,
            "duration": 1,
            "state": "passed",
            "speed": "fast",
            "pass": true,
            "fail": false,
            "pending": false,
            "code": "let str = '## #topic# ##';\nlet result = getTopics(str);\nexpect(result[0]).to.be.equal('#topic#')",
            "err": {},
            "isRoot": false,
            "uuid": "557594e0-2e2b-4a9a-a35e-f175ff498769",
            "parentUUID": "09fb8c4a-6a45-491f-b387-971b8525b160",
            "isHook": false,
            "skipped": false
          }
        ],
        "failures": [],
        "skipped": [],
        "hasBeforeHooks": false,
        "hasAfterHooks": false,
        "hasTests": true,
        "hasSuites": false,
        "totalTests": 8,
        "totalPasses": 8,
        "totalFailures": 0,
        "totalPending": 0,
        "totalSkipped": 0,
        "hasPasses": true,
        "hasFailures": false,
        "hasPending": false,
        "hasSkipped": false,
        "duration": 3,
        "rootEmpty": false
      }
    ],
    "tests": [],
    "pending": [],
    "root": true,
    "_timeout": 2000,
    "uuid": "c9600fbe-5f16-4a2e-b154-2e0ecf96bc6a",
    "beforeHooks": [],
    "afterHooks": [],
    "fullFile": "",
    "file": "",
    "passes": [],
    "failures": [],
    "skipped": [],
    "hasBeforeHooks": false,
    "hasAfterHooks": false,
    "hasTests": false,
    "hasSuites": true,
    "totalTests": 0,
    "totalPasses": 0,
    "totalFailures": 0,
    "totalPending": 0,
    "totalSkipped": 0,
    "hasPasses": false,
    "hasFailures": false,
    "hasPending": false,
    "hasSkipped": false,
    "duration": 0,
    "rootEmpty": true
  },
  "allTests": [
    {
      "title": "没有话题名称，应该返回null",
      "fullTitle": "话题正则匹配提取 没有话题名称，应该返回null",
      "timedOut": false,
      "duration": 2,
      "state": "passed",
      "speed": "fast",
      "pass": true,
      "fail": false,
      "pending": false,
      "code": "let str = 'notopic';\nlet result = getTopics(str);\nexpect(result).to.be.equal(null);",
      "err": {},
      "isRoot": false,
      "uuid": "dbd328ec-e80b-405f-8c2f-4a21b9984c22",
      "parentUUID": "09fb8c4a-6a45-491f-b387-971b8525b160",
      "isHook": false,
      "skipped": false
    },
    {
      "title": "话题名称应该以数组形式返回",
      "fullTitle": "话题正则匹配提取 话题名称应该以数组形式返回",
      "timedOut": false,
      "duration": 0,
      "state": "passed",
      "speed": "fast",
      "pass": true,
      "fail": false,
      "pending": false,
      "code": "let str = '#topic#';\nlet result = getTopics(str);\nexpect(Object.prototype.toString.call(result)).to.be.equal('[object Array]');\nexpect(Array.isArray(result)).to.be.equal(true);",
      "err": {},
      "isRoot": false,
      "uuid": "8f3d5481-2b1b-4f93-b1d3-d43a5b1234f6",
      "parentUUID": "09fb8c4a-6a45-491f-b387-971b8525b160",
      "isHook": false,
      "skipped": false
    },
    {
      "title": "内容为空，应该不是话题",
      "fullTitle": "话题正则匹配提取 内容为空，应该不是话题",
      "timedOut": false,
      "duration": 0,
      "state": "passed",
      "speed": "fast",
      "pass": true,
      "fail": false,
      "pending": false,
      "code": "let str = '##';\nlet result = getTopics(str);\nexpect(result).to.be.equal(null);",
      "err": {},
      "isRoot": false,
      "uuid": "e8f92941-beb6-455b-bad6-367c4954cab8",
      "parentUUID": "09fb8c4a-6a45-491f-b387-971b8525b160",
      "isHook": false,
      "skipped": false
    },
    {
      "title": "连续空格，应该不是话题",
      "fullTitle": "话题正则匹配提取 连续空格，应该不是话题",
      "timedOut": false,
      "duration": 0,
      "state": "passed",
      "speed": "fast",
      "pass": true,
      "fail": false,
      "pending": false,
      "code": "let str = '#  #';\nlet result = getTopics(str);\nexpect(result).to.be.equal(null);",
      "err": {},
      "isRoot": false,
      "uuid": "c68942f7-ff6d-4fb0-bd5f-c46dfea07e01",
      "parentUUID": "09fb8c4a-6a45-491f-b387-971b8525b160",
      "isHook": false,
      "skipped": false
    },
    {
      "title": "三个#号，应该只返回符合要求的#之间的话题名称",
      "fullTitle": "话题正则匹配提取 三个#号，应该只返回符合要求的#之间的话题名称",
      "timedOut": false,
      "duration": 0,
      "state": "passed",
      "speed": "fast",
      "pass": true,
      "fail": false,
      "pending": false,
      "code": "let str1 = '# #topic#',\n    str2 = '##topic#',\n    str3 = '#topic# #';\nlet topic1 = getTopics(str1)[0],\n    topic2 = getTopics(str2)[0],\n    topic3 = getTopics(str3)[0];\nexpect(topic1).to.be.equal('#topic#');\nexpect(topic2).to.be.equal('#topic#');\nexpect(topic3).to.be.equal('#topic#');",
      "err": {},
      "isRoot": false,
      "uuid": "12e00419-7c99-4736-a4ea-9934c1a844c4",
      "parentUUID": "09fb8c4a-6a45-491f-b387-971b8525b160",
      "isHook": false,
      "skipped": false
    },
    {
      "title": "三个#号且#号之间的内容都符合要求，应该返回前两个#号之间的话题名称",
      "fullTitle": "话题正则匹配提取 三个#号且#号之间的内容都符合要求，应该返回前两个#号之间的话题名称",
      "timedOut": false,
      "duration": 0,
      "state": "passed",
      "speed": "fast",
      "pass": true,
      "fail": false,
      "pending": false,
      "code": "let str = '#topic1#topic2#';\nlet result = getTopics(str);\nexpect(result.length).to.be.equal(1);\nexpect(result[0]).to.be.equal('#topic1#');",
      "err": {},
      "isRoot": false,
      "uuid": "ff03aa93-13ff-41d4-944a-a0a4aa451a89",
      "parentUUID": "09fb8c4a-6a45-491f-b387-971b8525b160",
      "isHook": false,
      "skipped": false
    },
    {
      "title": "多个#号，应该返回多个正确格式话题名称组成的数组",
      "fullTitle": "话题正则匹配提取 多个#号，应该返回多个正确格式话题名称组成的数组",
      "timedOut": false,
      "duration": 0,
      "state": "passed",
      "speed": "fast",
      "pass": true,
      "fail": false,
      "pending": false,
      "code": "let str = '#topic1#lalala####topic2#lelele# # ##topic3### ##';\nlet result = getTopics(str);\nexpect(result.length).to.be.equal(3);\nexpect(result[0]).to.be.equal('#topic1#');\nexpect(result[1]).to.be.equal('#topic2#');\nexpect(result[2]).to.be.equal('#topic3#');",
      "err": {},
      "isRoot": false,
      "uuid": "094a758b-83e9-4cc0-a6d4-fceb713e103e",
      "parentUUID": "09fb8c4a-6a45-491f-b387-971b8525b160",
      "isHook": false,
      "skipped": false
    },
    {
      "title": "特殊情况一：“## #topic# ##”，应该返回“#topic#”",
      "fullTitle": "话题正则匹配提取 特殊情况一：“## #topic# ##”，应该返回“#topic#”",
      "timedOut": false,
      "duration": 1,
      "state": "passed",
      "speed": "fast",
      "pass": true,
      "fail": false,
      "pending": false,
      "code": "let str = '## #topic# ##';\nlet result = getTopics(str);\nexpect(result[0]).to.be.equal('#topic#')",
      "err": {},
      "isRoot": false,
      "uuid": "557594e0-2e2b-4a9a-a35e-f175ff498769",
      "parentUUID": "09fb8c4a-6a45-491f-b387-971b8525b160",
      "isHook": false,
      "skipped": false
    }
  ],
  "allPending": [],
  "allPasses": [
    {
      "title": "没有话题名称，应该返回null",
      "fullTitle": "话题正则匹配提取 没有话题名称，应该返回null",
      "timedOut": false,
      "duration": 2,
      "state": "passed",
      "speed": "fast",
      "pass": true,
      "fail": false,
      "pending": false,
      "code": "let str = 'notopic';\nlet result = getTopics(str);\nexpect(result).to.be.equal(null);",
      "err": {},
      "isRoot": false,
      "uuid": "dbd328ec-e80b-405f-8c2f-4a21b9984c22",
      "parentUUID": "09fb8c4a-6a45-491f-b387-971b8525b160",
      "isHook": false,
      "skipped": false
    },
    {
      "title": "话题名称应该以数组形式返回",
      "fullTitle": "话题正则匹配提取 话题名称应该以数组形式返回",
      "timedOut": false,
      "duration": 0,
      "state": "passed",
      "speed": "fast",
      "pass": true,
      "fail": false,
      "pending": false,
      "code": "let str = '#topic#';\nlet result = getTopics(str);\nexpect(Object.prototype.toString.call(result)).to.be.equal('[object Array]');\nexpect(Array.isArray(result)).to.be.equal(true);",
      "err": {},
      "isRoot": false,
      "uuid": "8f3d5481-2b1b-4f93-b1d3-d43a5b1234f6",
      "parentUUID": "09fb8c4a-6a45-491f-b387-971b8525b160",
      "isHook": false,
      "skipped": false
    },
    {
      "title": "内容为空，应该不是话题",
      "fullTitle": "话题正则匹配提取 内容为空，应该不是话题",
      "timedOut": false,
      "duration": 0,
      "state": "passed",
      "speed": "fast",
      "pass": true,
      "fail": false,
      "pending": false,
      "code": "let str = '##';\nlet result = getTopics(str);\nexpect(result).to.be.equal(null);",
      "err": {},
      "isRoot": false,
      "uuid": "e8f92941-beb6-455b-bad6-367c4954cab8",
      "parentUUID": "09fb8c4a-6a45-491f-b387-971b8525b160",
      "isHook": false,
      "skipped": false
    },
    {
      "title": "连续空格，应该不是话题",
      "fullTitle": "话题正则匹配提取 连续空格，应该不是话题",
      "timedOut": false,
      "duration": 0,
      "state": "passed",
      "speed": "fast",
      "pass": true,
      "fail": false,
      "pending": false,
      "code": "let str = '#  #';\nlet result = getTopics(str);\nexpect(result).to.be.equal(null);",
      "err": {},
      "isRoot": false,
      "uuid": "c68942f7-ff6d-4fb0-bd5f-c46dfea07e01",
      "parentUUID": "09fb8c4a-6a45-491f-b387-971b8525b160",
      "isHook": false,
      "skipped": false
    },
    {
      "title": "三个#号，应该只返回符合要求的#之间的话题名称",
      "fullTitle": "话题正则匹配提取 三个#号，应该只返回符合要求的#之间的话题名称",
      "timedOut": false,
      "duration": 0,
      "state": "passed",
      "speed": "fast",
      "pass": true,
      "fail": false,
      "pending": false,
      "code": "let str1 = '# #topic#',\n    str2 = '##topic#',\n    str3 = '#topic# #';\nlet topic1 = getTopics(str1)[0],\n    topic2 = getTopics(str2)[0],\n    topic3 = getTopics(str3)[0];\nexpect(topic1).to.be.equal('#topic#');\nexpect(topic2).to.be.equal('#topic#');\nexpect(topic3).to.be.equal('#topic#');",
      "err": {},
      "isRoot": false,
      "uuid": "12e00419-7c99-4736-a4ea-9934c1a844c4",
      "parentUUID": "09fb8c4a-6a45-491f-b387-971b8525b160",
      "isHook": false,
      "skipped": false
    },
    {
      "title": "三个#号且#号之间的内容都符合要求，应该返回前两个#号之间的话题名称",
      "fullTitle": "话题正则匹配提取 三个#号且#号之间的内容都符合要求，应该返回前两个#号之间的话题名称",
      "timedOut": false,
      "duration": 0,
      "state": "passed",
      "speed": "fast",
      "pass": true,
      "fail": false,
      "pending": false,
      "code": "let str = '#topic1#topic2#';\nlet result = getTopics(str);\nexpect(result.length).to.be.equal(1);\nexpect(result[0]).to.be.equal('#topic1#');",
      "err": {},
      "isRoot": false,
      "uuid": "ff03aa93-13ff-41d4-944a-a0a4aa451a89",
      "parentUUID": "09fb8c4a-6a45-491f-b387-971b8525b160",
      "isHook": false,
      "skipped": false
    },
    {
      "title": "多个#号，应该返回多个正确格式话题名称组成的数组",
      "fullTitle": "话题正则匹配提取 多个#号，应该返回多个正确格式话题名称组成的数组",
      "timedOut": false,
      "duration": 0,
      "state": "passed",
      "speed": "fast",
      "pass": true,
      "fail": false,
      "pending": false,
      "code": "let str = '#topic1#lalala####topic2#lelele# # ##topic3### ##';\nlet result = getTopics(str);\nexpect(result.length).to.be.equal(3);\nexpect(result[0]).to.be.equal('#topic1#');\nexpect(result[1]).to.be.equal('#topic2#');\nexpect(result[2]).to.be.equal('#topic3#');",
      "err": {},
      "isRoot": false,
      "uuid": "094a758b-83e9-4cc0-a6d4-fceb713e103e",
      "parentUUID": "09fb8c4a-6a45-491f-b387-971b8525b160",
      "isHook": false,
      "skipped": false
    },
    {
      "title": "特殊情况一：“## #topic# ##”，应该返回“#topic#”",
      "fullTitle": "话题正则匹配提取 特殊情况一：“## #topic# ##”，应该返回“#topic#”",
      "timedOut": false,
      "duration": 1,
      "state": "passed",
      "speed": "fast",
      "pass": true,
      "fail": false,
      "pending": false,
      "code": "let str = '## #topic# ##';\nlet result = getTopics(str);\nexpect(result[0]).to.be.equal('#topic#')",
      "err": {},
      "isRoot": false,
      "uuid": "557594e0-2e2b-4a9a-a35e-f175ff498769",
      "parentUUID": "09fb8c4a-6a45-491f-b387-971b8525b160",
      "isHook": false,
      "skipped": false
    }
  ],
  "allFailures": [],
  "copyrightYear": 2017
}